CRITICAL ERROR REPORT
='=' * 50 + '
Error Type: NameError
Error Message: name 'total_definitions' is not defined
Platform: Windows-10-10.0.26120-SP0
Python Version: 3.11.11
='=' * 50 + '

Traceback (most recent call last):
  File "C:\Users\User\OneDrive\FAC\Research\Python Scripts\Textapp\a_camara\tab3_tiempos.py", line 608, in update_calculated_totals
    label_widget = self.totals_frame.grid_slaves(row=total_definitions.index(("total_vuelo", "Tiempo Total de Vuelo:")) , column=1)[0]
                                                     ^^^^^^^^^^^^^^^^^
NameError: name 'total_definitions' is not defined

During handling of the above exception, another exception occurred:

Traceback (most recent call last):
  File "C:\Users\User\OneDrive\FAC\Research\Python Scripts\Textapp\a_camara\main.py", line 1342, in launch_main_app
    app = MainApp(splash_root)
          ^^^^^^^^^^^^^^^^^^^^
  File "C:\Users\User\OneDrive\FAC\Research\Python Scripts\Textapp\a_camara\main.py", line 918, in __init__
    self.setup_ui()
  File "C:\Users\User\OneDrive\FAC\Research\Python Scripts\Textapp\a_camara\main.py", line 1096, in setup_ui
    self.create_tabs()
  File "C:\Users\User\OneDrive\FAC\Research\Python Scripts\Textapp\a_camara\main.py", line 1125, in create_tabs
    self.tab3 = tab_modules['TiemposTab'](self.notebook, self.data_manager, self)
                ^^^^^^^^^^^^^^^^^^^^^^^^^^^^^^^^^^^^^^^^^^^^^^^^^^^^^^^^^^^^^^^^^
  File "C:\Users\User\OneDrive\FAC\Research\Python Scripts\Textapp\a_camara\tab3_tiempos.py", line 85, in __init__
    self.load_data()
  File "C:\Users\User\OneDrive\FAC\Research\Python Scripts\Textapp\a_camara\tab3_tiempos.py", line 765, in load_data
    self.update_calculated_totals()
  File "C:\Users\User\OneDrive\FAC\Research\Python Scripts\Textapp\a_camara\tab3_tiempos.py", line 613, in update_calculated_totals
    label_widget = self.totals_frame.grid_slaves(row=total_definitions.index(("total_vuelo", "Tiempo Total de Vuelo:")) , column=1)[0]
                                                     ^^^^^^^^^^^^^^^^^
NameError: name 'total_definitions' is not defined
